<?xml version="1.0" encoding="UTF-8"?>
<!-- Generated by org.testng.reporters.JUnitXMLReporter -->
<testsuite ignored="0" hostname="01-011750" failures="1" tests="1" name="LoginTestCases" time="18.18" errors="0" timestamp="2025-04-11T17:25:48 IST">
  <testcase classname="testCases.CreateTaskTest" name="createTaskWithValidData" time="8.873">
    <failure type="java.lang.Error" message="Unresolved compilation problem: 
	The method getDueDate() is undefined for the type ReadConfig
">
      <![CDATA[java.lang.Error: Unresolved compilation problem: 
The method getDueDate() is undefined for the type ReadConfig

at util.BaseTest.getDueDate(BaseTest.java:85)
at testCases.CreateTaskTest.createTaskWithValidData(CreateTaskTest.java:51)
at java.base/java.util.ArrayList.forEach(ArrayList.java:1596)
... Removed 25 stack frames]]>
    </failure>
  </testcase> <!-- createTaskWithValidData -->
</testsuite> <!-- LoginTestCases -->
