<?xml version="1.0" encoding="UTF-8"?>
<testng-results ignored="0" total="1" passed="0" failed="1" skipped="0">
  <reporter-output>
  </reporter-output>
  <suite started-at="2025-04-11T17:25:30 IST" name="ToDoLoginSuite" finished-at="2025-04-11T17:25:48 IST" duration-ms="18180">
    <groups>
    </groups>
    <test started-at="2025-04-11T17:25:30 IST" name="LoginTestCases" finished-at="2025-04-11T17:25:48 IST" duration-ms="18180">
      <class name="testCases.CreateTaskTest">
        <test-method is-config="true" signature="openApp()[pri:0, instance:testCases.CreateTaskTest@62ddbd7e]" started-at="2025-04-11T17:25:30 IST" name="openApp" finished-at="2025-04-11T17:25:36 IST" duration-ms="5679" status="PASS">
          <reporter-output>
          </reporter-output>
        </test-method> <!-- openApp -->
        <test-method is-config="true" signature="ClearCache()[pri:0, instance:testCases.CreateTaskTest@62ddbd7e]" started-at="2025-04-11T17:25:36 IST" name="ClearCache" finished-at="2025-04-11T17:25:36 IST" duration-ms="157" status="PASS">
          <reporter-output>
          </reporter-output>
        </test-method> <!-- ClearCache -->
        <test-method is-config="true" signature="loginBeforeEachTest()[pri:0, instance:testCases.CreateTaskTest@62ddbd7e]" started-at="2025-04-11T17:25:36 IST" name="loginBeforeEachTest" finished-at="2025-04-11T17:25:39 IST" duration-ms="3043" status="PASS">
          <reporter-output>
          </reporter-output>
        </test-method> <!-- loginBeforeEachTest -->
        <test-method signature="createTaskWithValidData()[pri:1, instance:testCases.CreateTaskTest@62ddbd7e]" started-at="2025-04-11T17:25:39 IST" name="createTaskWithValidData" finished-at="2025-04-11T17:25:48 IST" duration-ms="8873" status="FAIL">
          <exception class="java.lang.Error">
            <message>
              <![CDATA[Unresolved compilation problem: 
The method getDueDate() is undefined for the type ReadConfig
]]>
            </message>
            <full-stacktrace>
              <![CDATA[java.lang.Error: Unresolved compilation problem: 
The method getDueDate() is undefined for the type ReadConfig

at util.BaseTest.getDueDate(BaseTest.java:85)
at testCases.CreateTaskTest.createTaskWithValidData(CreateTaskTest.java:51)
at java.base/jdk.internal.reflect.DirectMethodHandleAccessor.invoke(DirectMethodHandleAccessor.java:103)
at java.base/java.lang.reflect.Method.invoke(Method.java:580)
at org.testng.internal.invokers.MethodInvocationHelper.invokeMethod(MethodInvocationHelper.java:141)
at org.testng.internal.invokers.TestInvoker.invokeMethod(TestInvoker.java:687)
at org.testng.internal.invokers.TestInvoker.invokeTestMethod(TestInvoker.java:230)
at org.testng.internal.invokers.MethodRunner.runInSequence(MethodRunner.java:63)
at org.testng.internal.invokers.TestInvoker$MethodInvocationAgent.invoke(TestInvoker.java:995)
at org.testng.internal.invokers.TestInvoker.invokeTestMethods(TestInvoker.java:203)
at org.testng.internal.invokers.TestMethodWorker.invokeTestMethods(TestMethodWorker.java:154)
at org.testng.internal.invokers.TestMethodWorker.run(TestMethodWorker.java:134)
at java.base/java.util.ArrayList.forEach(ArrayList.java:1596)
at org.testng.TestRunner.privateRun(TestRunner.java:741)
at org.testng.TestRunner.run(TestRunner.java:616)
at org.testng.SuiteRunner.runTest(SuiteRunner.java:421)
at org.testng.SuiteRunner.runSequentially(SuiteRunner.java:413)
at org.testng.SuiteRunner.privateRun(SuiteRunner.java:373)
at org.testng.SuiteRunner.run(SuiteRunner.java:312)
at org.testng.SuiteRunnerWorker.runSuite(SuiteRunnerWorker.java:52)
at org.testng.SuiteRunnerWorker.run(SuiteRunnerWorker.java:95)
at org.testng.TestNG.runSuitesSequentially(TestNG.java:1274)
at org.testng.TestNG.runSuitesLocally(TestNG.java:1208)
at org.testng.TestNG.runSuites(TestNG.java:1112)
at org.testng.TestNG.run(TestNG.java:1079)
at org.testng.remote.AbstractRemoteTestNG.run(AbstractRemoteTestNG.java:115)
at org.testng.remote.RemoteTestNG.initAndRun(RemoteTestNG.java:293)
at org.testng.remote.RemoteTestNG.main(RemoteTestNG.java:91)
]]>
            </full-stacktrace>
          </exception> <!-- java.lang.Error -->
          <reporter-output>
          </reporter-output>
        </test-method> <!-- createTaskWithValidData -->
        <test-method is-config="true" signature="closeApp()[pri:0, instance:testCases.CreateTaskTest@62ddbd7e]" started-at="2025-04-11T17:25:48 IST" name="closeApp" finished-at="2025-04-11T17:25:48 IST" duration-ms="347" status="PASS">
          <reporter-output>
          </reporter-output>
        </test-method> <!-- closeApp -->
      </class> <!-- testCases.CreateTaskTest -->
    </test> <!-- LoginTestCases -->
  </suite> <!-- ToDoLoginSuite -->
</testng-results>
