<?xml version="1.0" encoding="UTF-8"?>
<testng-results ignored="0" total="1" passed="1" failed="0" skipped="0">
  <reporter-output>
  </reporter-output>
  <suite started-at="2025-04-11T08:34:18 IST" name="ToDoLoginSuite" finished-at="2025-04-11T08:34:34 IST" duration-ms="16116">
    <groups>
    </groups>
    <test started-at="2025-04-11T08:34:18 IST" name="LoginTestCases" finished-at="2025-04-11T08:34:34 IST" duration-ms="16116">
      <class name="testCases.CreateTaskTest">
        <test-method is-config="true" signature="openApp()[pri:0, instance:testCases.CreateTaskTest@3eb738bb]" started-at="2025-04-11T08:34:18 IST" name="openApp" finished-at="2025-04-11T08:34:22 IST" duration-ms="3935" status="PASS">
          <reporter-output>
          </reporter-output>
        </test-method> <!-- openApp -->
        <test-method is-config="true" signature="ClearCache()[pri:0, instance:testCases.CreateTaskTest@3eb738bb]" started-at="2025-04-11T08:34:22 IST" name="ClearCache" finished-at="2025-04-11T08:34:24 IST" duration-ms="2110" status="PASS">
          <reporter-output>
          </reporter-output>
        </test-method> <!-- ClearCache -->
        <test-method is-config="true" signature="loginBeforeEachTest()[pri:0, instance:testCases.CreateTaskTest@3eb738bb]" started-at="2025-04-11T08:34:24 IST" name="loginBeforeEachTest" finished-at="2025-04-11T08:34:26 IST" duration-ms="1978" status="PASS">
          <reporter-output>
          </reporter-output>
        </test-method> <!-- loginBeforeEachTest -->
        <test-method signature="createTaskWithValidData()[pri:1, instance:testCases.CreateTaskTest@3eb738bb]" started-at="2025-04-11T08:34:26 IST" name="createTaskWithValidData" finished-at="2025-04-11T08:34:34 IST" duration-ms="7512" status="PASS">
          <reporter-output>
          </reporter-output>
        </test-method> <!-- createTaskWithValidData -->
        <test-method is-config="true" signature="closeApp()[pri:0, instance:testCases.CreateTaskTest@3eb738bb]" started-at="2025-04-11T08:34:34 IST" name="closeApp" finished-at="2025-04-11T08:34:34 IST" duration-ms="532" status="PASS">
          <reporter-output>
          </reporter-output>
        </test-method> <!-- closeApp -->
      </class> <!-- testCases.CreateTaskTest -->
    </test> <!-- LoginTestCases -->
  </suite> <!-- ToDoLoginSuite -->
</testng-results>
